<?xml version="1.0" encoding="UTF-8"?>
<!-- Generated by org.testng.reporters.JUnitReportReporter -->
<testsuite hostname="Moganrajs-MacBook-Pro.local" failures="0" tests="1" name="com.qa.test.Testing" time="8.528" errors="0" timestamp="2021-02-13T13:47:25 EST" skipped="0">
  <testcase classname="com.qa.test.Testing" name="testfn" time="8.528"/>
  <system-out/>
</testsuite> <!-- com.qa.test.Testing -->
