<?xml version="1.0" encoding="UTF-8"?>
<!-- Generated by org.testng.reporters.JUnitReportReporter -->
<testsuite hostname="Moganrajs-MacBook-Pro.local" failures="0" tests="1" name="com.qa.test.Testing" time="8.490" errors="0" timestamp="2021-01-06T18:29:37 EST" skipped="0">
  <testcase classname="com.qa.test.Testing" name="testfn" time="8.490"/>
  <system-out/>
</testsuite> <!-- com.qa.test.Testing -->
